0 info it worked if it ends with ok
1 verbose cli [ 'C:\\AA-软件\\ruanjian\\nodejs\\node.exe',
1 verbose cli   'C:\\AA-软件\\ruanjian\\nodejs\\node_modules\\npm\\bin\\npm-cli.js',
1 verbose cli   'run',
1 verbose cli   'start' ]
2 info using npm@3.8.6
3 info using node@v6.1.0
4 verbose run-script [ 'prestart', 'start', 'poststart' ]
5 info lifecycle react-platform@1.0.0~prestart: react-platform@1.0.0
6 silly lifecycle react-platform@1.0.0~prestart: no script for prestart, continuing
7 info lifecycle react-platform@1.0.0~start: react-platform@1.0.0
8 verbose lifecycle react-platform@1.0.0~start: unsafe-perm in lifecycle true
9 verbose lifecycle react-platform@1.0.0~start: PATH: C:\AA-软件\ruanjian\nodejs\node_modules\npm\bin\node-gyp-bin;C:\AA-文档\reacPlatform\node_modules\.bin;C:\AA-软件\ruanjian\nodejs;C:\Windows\system32;C:\Windows;C:\Windows\System32\Wbem;C:\Windows\System32\WindowsPowerShell\v1.0\;C:\Program Files (x86)\NVIDIA Corporation\PhysX\Common;C:\AA-软件\ruanjian\nodejs\;C;\AA-软件\ruanjian\TortoiseSVN\bin;;C:\AA-软件\ruanjian\Git\Git\cmd;C:\WINDOWS\system32;C:\WINDOWS;C:\WINDOWS\System32\Wbem;C:\WINDOWS\System32\WindowsPowerShell\v1.0\;C:\Users\lijinwen\AppData\Local\Microsoft\WindowsApps;C:\Users\lijinwen\AppData\Roaming\npm;;C:\AA-软件\ruanjian\VS Code\Microsoft VS Code\bin
10 verbose lifecycle react-platform@1.0.0~start: CWD: C:\AA-文档\reacPlatform
11 silly lifecycle react-platform@1.0.0~start: Args: [ '/d /s /c', 'node ./src/app.js' ]
12 silly lifecycle react-platform@1.0.0~start: Returned: code: 1  signal: null
13 info lifecycle react-platform@1.0.0~start: Failed to exec start script
14 verbose stack Error: react-platform@1.0.0 start: `node ./src/app.js`
14 verbose stack Exit status 1
14 verbose stack     at EventEmitter.<anonymous> (C:\AA-软件\ruanjian\nodejs\node_modules\npm\lib\utils\lifecycle.js:239:16)
14 verbose stack     at emitTwo (events.js:106:13)
14 verbose stack     at EventEmitter.emit (events.js:191:7)
14 verbose stack     at ChildProcess.<anonymous> (C:\AA-软件\ruanjian\nodejs\node_modules\npm\lib\utils\spawn.js:24:14)
14 verbose stack     at emitTwo (events.js:106:13)
14 verbose stack     at ChildProcess.emit (events.js:191:7)
14 verbose stack     at maybeClose (internal/child_process.js:850:16)
14 verbose stack     at Process.ChildProcess._handle.onexit (internal/child_process.js:215:5)
15 verbose pkgid react-platform@1.0.0
16 verbose cwd C:\AA-文档\reacPlatform
17 error Windows_NT 10.0.15063
18 error argv "C:\\AA-软件\\ruanjian\\nodejs\\node.exe" "C:\\AA-软件\\ruanjian\\nodejs\\node_modules\\npm\\bin\\npm-cli.js" "run" "start"
19 error node v6.1.0
20 error npm  v3.8.6
21 error code ELIFECYCLE
22 error react-platform@1.0.0 start: `node ./src/app.js`
22 error Exit status 1
23 error Failed at the react-platform@1.0.0 start script 'node ./src/app.js'.
23 error Make sure you have the latest version of node.js and npm installed.
23 error If you do, this is most likely a problem with the react-platform package,
23 error not with npm itself.
23 error Tell the author that this fails on your system:
23 error     node ./src/app.js
23 error You can get information on how to open an issue for this project with:
23 error     npm bugs react-platform
23 error Or if that isn't available, you can get their info via:
23 error     npm owner ls react-platform
23 error There is likely additional logging output above.
24 verbose exit [ 1, true ]
